{"/Users/jonnygarius/development/tech-test-playground/binary-sequence/app.js": {"path":"/Users/jonnygarius/development/tech-test-playground/binary-sequence/app.js","statementMap":{"0":{"start":{"line":3,"column":14},"end":{"line":3,"column":15}},"1":{"start":{"line":5,"column":2},"end":{"line":15,"column":3}},"2":{"start":{"line":5,"column":15},"end":{"line":5,"column":16}},"3":{"start":{"line":7,"column":4},"end":{"line":9,"column":5}},"4":{"start":{"line":8,"column":6},"end":{"line":8,"column":13}},"5":{"start":{"line":11,"column":4},"end":{"line":13,"column":5}},"6":{"start":{"line":12,"column":6},"end":{"line":12,"column":13}},"7":{"start":{"line":17,"column":2},"end":{"line":17,"column":42}},"8":{"start":{"line":21,"column":0},"end":{"line":21,"column":40}}},"fnMap":{"0":{"name":"alternatingSequence","decl":{"start":{"line":1,"column":9},"end":{"line":1,"column":28}},"loc":{"start":{"line":1,"column":32},"end":{"line":19,"column":1}},"line":1}},"branchMap":{"0":{"loc":{"start":{"line":7,"column":4},"end":{"line":9,"column":5}},"type":"if","locations":[{"start":{"line":7,"column":4},"end":{"line":9,"column":5}},{"start":{"line":7,"column":4},"end":{"line":9,"column":5}}],"line":7},"1":{"loc":{"start":{"line":7,"column":8},"end":{"line":7,"column":33}},"type":"binary-expr","locations":[{"start":{"line":7,"column":8},"end":{"line":7,"column":19}},{"start":{"line":7,"column":23},"end":{"line":7,"column":33}}],"line":7},"2":{"loc":{"start":{"line":11,"column":4},"end":{"line":13,"column":5}},"type":"if","locations":[{"start":{"line":11,"column":4},"end":{"line":13,"column":5}},{"start":{"line":11,"column":4},"end":{"line":13,"column":5}}],"line":11},"3":{"loc":{"start":{"line":11,"column":8},"end":{"line":11,"column":33}},"type":"binary-expr","locations":[{"start":{"line":11,"column":8},"end":{"line":11,"column":19}},{"start":{"line":11,"column":23},"end":{"line":11,"column":33}}],"line":11}},"s":{"0":5,"1":5,"2":5,"3":23,"4":11,"5":23,"6":4,"7":5,"8":1},"f":{"0":5},"b":{"0":[11,12],"1":[23,13],"2":[4,19],"3":[23,10]},"_coverageSchema":"1a1c01bbd47fc00a2c39e90264f33305004495a9","hash":"ae9f8adccfd829ed94fb3a0569dee501b61532bb"}
,"/Users/jonnygarius/development/tech-test-playground/data-structures/singly-linked-list.js": {"path":"/Users/jonnygarius/development/tech-test-playground/data-structures/singly-linked-list.js","statementMap":{"0":{"start":{"line":3,"column":4},"end":{"line":3,"column":20}},"1":{"start":{"line":4,"column":4},"end":{"line":4,"column":20}},"2":{"start":{"line":11,"column":4},"end":{"line":11,"column":20}},"3":{"start":{"line":12,"column":4},"end":{"line":12,"column":19}},"4":{"start":{"line":16,"column":17},"end":{"line":16,"column":31}},"5":{"start":{"line":17,"column":4},"end":{"line":25,"column":5}},"6":{"start":{"line":18,"column":6},"end":{"line":18,"column":22}},"7":{"start":{"line":20,"column":24},"end":{"line":20,"column":33}},"8":{"start":{"line":21,"column":6},"end":{"line":23,"column":7}},"9":{"start":{"line":22,"column":8},"end":{"line":22,"column":38}},"10":{"start":{"line":24,"column":6},"end":{"line":24,"column":29}},"11":{"start":{"line":26,"column":4},"end":{"line":26,"column":17}},"12":{"start":{"line":30,"column":22},"end":{"line":30,"column":31}},"13":{"start":{"line":32,"column":4},"end":{"line":45,"column":5}},"14":{"start":{"line":33,"column":6},"end":{"line":33,"column":34}},"15":{"start":{"line":34,"column":6},"end":{"line":34,"column":14}},"16":{"start":{"line":36,"column":6},"end":{"line":42,"column":7}},"17":{"start":{"line":37,"column":8},"end":{"line":37,"column":34}},"18":{"start":{"line":38,"column":8},"end":{"line":38,"column":38}},"19":{"start":{"line":39,"column":8},"end":{"line":41,"column":9}},"20":{"start":{"line":40,"column":10},"end":{"line":40,"column":26}},"21":{"start":{"line":44,"column":6},"end":{"line":44,"column":42}},"22":{"start":{"line":47,"column":4},"end":{"line":47,"column":17}},"23":{"start":{"line":48,"column":4},"end":{"line":48,"column":12}},"24":{"start":{"line":53,"column":4},"end":{"line":64,"column":5}},"25":{"start":{"line":54,"column":6},"end":{"line":54,"column":22}},"26":{"start":{"line":56,"column":24},"end":{"line":56,"column":33}},"27":{"start":{"line":57,"column":6},"end":{"line":62,"column":7}},"28":{"start":{"line":58,"column":8},"end":{"line":58,"column":38}},"29":{"start":{"line":59,"column":8},"end":{"line":61,"column":9}},"30":{"start":{"line":60,"column":10},"end":{"line":60,"column":26}},"31":{"start":{"line":63,"column":6},"end":{"line":63,"column":24}},"32":{"start":{"line":70,"column":0},"end":{"line":70,"column":37}}},"fnMap":{"0":{"name":"(anonymous_0)","decl":{"start":{"line":2,"column":2},"end":{"line":2,"column":3}},"loc":{"start":{"line":2,"column":20},"end":{"line":5,"column":3}},"line":2},"1":{"name":"(anonymous_1)","decl":{"start":{"line":10,"column":2},"end":{"line":10,"column":3}},"loc":{"start":{"line":10,"column":16},"end":{"line":13,"column":3}},"line":10},"2":{"name":"(anonymous_2)","decl":{"start":{"line":15,"column":2},"end":{"line":15,"column":3}},"loc":{"start":{"line":15,"column":12},"end":{"line":27,"column":3}},"line":15},"3":{"name":"(anonymous_3)","decl":{"start":{"line":29,"column":2},"end":{"line":29,"column":3}},"loc":{"start":{"line":29,"column":19},"end":{"line":49,"column":3}},"line":29},"4":{"name":"(anonymous_4)","decl":{"start":{"line":51,"column":2},"end":{"line":51,"column":3}},"loc":{"start":{"line":51,"column":22},"end":{"line":66,"column":3}},"line":51}},"branchMap":{"0":{"loc":{"start":{"line":17,"column":4},"end":{"line":25,"column":5}},"type":"if","locations":[{"start":{"line":17,"column":4},"end":{"line":25,"column":5}},{"start":{"line":17,"column":4},"end":{"line":25,"column":5}}],"line":17},"1":{"loc":{"start":{"line":32,"column":4},"end":{"line":45,"column":5}},"type":"if","locations":[{"start":{"line":32,"column":4},"end":{"line":45,"column":5}},{"start":{"line":32,"column":4},"end":{"line":45,"column":5}}],"line":32},"2":{"loc":{"start":{"line":39,"column":8},"end":{"line":41,"column":9}},"type":"if","locations":[{"start":{"line":39,"column":8},"end":{"line":41,"column":9}},{"start":{"line":39,"column":8},"end":{"line":41,"column":9}}],"line":39},"3":{"loc":{"start":{"line":53,"column":4},"end":{"line":64,"column":5}},"type":"if","locations":[{"start":{"line":53,"column":4},"end":{"line":64,"column":5}},{"start":{"line":53,"column":4},"end":{"line":64,"column":5}}],"line":53},"4":{"loc":{"start":{"line":59,"column":8},"end":{"line":61,"column":9}},"type":"if","locations":[{"start":{"line":59,"column":8},"end":{"line":61,"column":9}},{"start":{"line":59,"column":8},"end":{"line":61,"column":9}}],"line":59}},"s":{"0":7,"1":7,"2":1,"3":1,"4":7,"5":7,"6":1,"7":6,"8":6,"9":15,"10":6,"11":7,"12":1,"13":1,"14":0,"15":0,"16":1,"17":3,"18":3,"19":3,"20":0,"21":1,"22":1,"23":1,"24":4,"25":0,"26":4,"27":4,"28":15,"29":15,"30":1,"31":3,"32":1},"f":{"0":7,"1":1,"2":7,"3":1,"4":4},"b":{"0":[1,6],"1":[0,1],"2":[0,3],"3":[0,4],"4":[1,14]},"_coverageSchema":"1a1c01bbd47fc00a2c39e90264f33305004495a9","hash":"0a55fa63476c137c163cf316772e0d794870207a"}
,"/Users/jonnygarius/development/tech-test-playground/sorts/bubbleSort.js": {"path":"/Users/jonnygarius/development/tech-test-playground/sorts/bubbleSort.js","statementMap":{"0":{"start":{"line":2,"column":15},"end":{"line":2,"column":31}},"1":{"start":{"line":3,"column":2},"end":{"line":3,"column":38}},"2":{"start":{"line":4,"column":2},"end":{"line":4,"column":26}},"3":{"start":{"line":9,"column":2},"end":{"line":11,"column":3}},"4":{"start":{"line":10,"column":4},"end":{"line":10,"column":24}},"5":{"start":{"line":13,"column":2},"end":{"line":19,"column":3}},"6":{"start":{"line":13,"column":15},"end":{"line":13,"column":16}},"7":{"start":{"line":14,"column":4},"end":{"line":18,"column":5}},"8":{"start":{"line":14,"column":17},"end":{"line":14,"column":18}},"9":{"start":{"line":15,"column":6},"end":{"line":17,"column":7}},"10":{"start":{"line":16,"column":8},"end":{"line":16,"column":37}},"11":{"start":{"line":21,"column":2},"end":{"line":21,"column":22}},"12":{"start":{"line":24,"column":0},"end":{"line":24,"column":31}}},"fnMap":{"0":{"name":"swap","decl":{"start":{"line":1,"column":9},"end":{"line":1,"column":13}},"loc":{"start":{"line":1,"column":44},"end":{"line":5,"column":1}},"line":1},"1":{"name":"bubbleSort","decl":{"start":{"line":7,"column":9},"end":{"line":7,"column":19}},"loc":{"start":{"line":7,"column":35},"end":{"line":22,"column":1}},"line":7}},"branchMap":{"0":{"loc":{"start":{"line":9,"column":2},"end":{"line":11,"column":3}},"type":"if","locations":[{"start":{"line":9,"column":2},"end":{"line":11,"column":3}},{"start":{"line":9,"column":2},"end":{"line":11,"column":3}}],"line":9},"1":{"loc":{"start":{"line":15,"column":6},"end":{"line":17,"column":7}},"type":"if","locations":[{"start":{"line":15,"column":6},"end":{"line":17,"column":7}},{"start":{"line":15,"column":6},"end":{"line":17,"column":7}}],"line":15}},"s":{"0":46,"1":46,"2":46,"3":3,"4":0,"5":3,"6":3,"7":21,"8":21,"9":70,"10":46,"11":3,"12":1},"f":{"0":46,"1":3},"b":{"0":[0,3],"1":[46,24]},"_coverageSchema":"1a1c01bbd47fc00a2c39e90264f33305004495a9","hash":"77bbd870beab226e8c37b501134b0fa5d8223f21"}
,"/Users/jonnygarius/development/tech-test-playground/sorts/mergeSort.js": {"path":"/Users/jonnygarius/development/tech-test-playground/sorts/mergeSort.js","statementMap":{"0":{"start":{"line":3,"column":22},"end":{"line":3,"column":24}},"1":{"start":{"line":4,"column":18},"end":{"line":4,"column":19}},"2":{"start":{"line":5,"column":19},"end":{"line":5,"column":20}},"3":{"start":{"line":7,"column":2},"end":{"line":15,"column":3}},"4":{"start":{"line":8,"column":4},"end":{"line":14,"column":5}},"5":{"start":{"line":9,"column":6},"end":{"line":9,"column":39}},"6":{"start":{"line":10,"column":6},"end":{"line":10,"column":17}},"7":{"start":{"line":12,"column":6},"end":{"line":12,"column":41}},"8":{"start":{"line":13,"column":6},"end":{"line":13,"column":18}},"9":{"start":{"line":17,"column":2},"end":{"line":19,"column":36}},"10":{"start":{"line":25,"column":2},"end":{"line":27,"column":3}},"11":{"start":{"line":26,"column":4},"end":{"line":26,"column":24}},"12":{"start":{"line":29,"column":17},"end":{"line":29,"column":53}},"13":{"start":{"line":30,"column":15},"end":{"line":30,"column":45}},"14":{"start":{"line":31,"column":16},"end":{"line":31,"column":43}},"15":{"start":{"line":33,"column":2},"end":{"line":33,"column":49}},"16":{"start":{"line":37,"column":0},"end":{"line":37,"column":26}}},"fnMap":{"0":{"name":"merge","decl":{"start":{"line":1,"column":9},"end":{"line":1,"column":14}},"loc":{"start":{"line":1,"column":28},"end":{"line":21,"column":1}},"line":1},"1":{"name":"mergeSort","decl":{"start":{"line":23,"column":9},"end":{"line":23,"column":18}},"loc":{"start":{"line":23,"column":34},"end":{"line":35,"column":1}},"line":23}},"branchMap":{"0":{"loc":{"start":{"line":7,"column":9},"end":{"line":7,"column":61}},"type":"binary-expr","locations":[{"start":{"line":7,"column":9},"end":{"line":7,"column":32}},{"start":{"line":7,"column":36},"end":{"line":7,"column":61}}],"line":7},"1":{"loc":{"start":{"line":8,"column":4},"end":{"line":14,"column":5}},"type":"if","locations":[{"start":{"line":8,"column":4},"end":{"line":14,"column":5}},{"start":{"line":8,"column":4},"end":{"line":14,"column":5}}],"line":8},"2":{"loc":{"start":{"line":25,"column":2},"end":{"line":27,"column":3}},"type":"if","locations":[{"start":{"line":25,"column":2},"end":{"line":27,"column":3}},{"start":{"line":25,"column":2},"end":{"line":27,"column":3}}],"line":25}},"s":{"0":19,"1":19,"2":19,"3":19,"4":38,"5":12,"6":12,"7":26,"8":26,"9":19,"10":41,"11":22,"12":19,"13":19,"14":19,"15":19,"16":1},"f":{"0":19,"1":41},"b":{"0":[57,50],"1":[12,26],"2":[22,19]},"_coverageSchema":"1a1c01bbd47fc00a2c39e90264f33305004495a9","hash":"13da89504fe347fe5b472ca97d07075866c581c3"}
,"/Users/jonnygarius/development/tech-test-playground/twenty-one/blackjack.js": {"path":"/Users/jonnygarius/development/tech-test-playground/twenty-one/blackjack.js","statementMap":{"0":{"start":{"line":6,"column":4},"end":{"line":6,"column":18}},"1":{"start":{"line":7,"column":18},"end":{"line":7,"column":59}},"2":{"start":{"line":8,"column":19},"end":{"line":8,"column":79}},"3":{"start":{"line":10,"column":4},"end":{"line":14,"column":5}},"4":{"start":{"line":10,"column":17},"end":{"line":10,"column":18}},"5":{"start":{"line":11,"column":6},"end":{"line":13,"column":7}},"6":{"start":{"line":11,"column":19},"end":{"line":11,"column":20}},"7":{"start":{"line":12,"column":8},"end":{"line":12,"column":53}},"8":{"start":{"line":19,"column":23},"end":{"line":19,"column":32}},"9":{"start":{"line":20,"column":24},"end":{"line":20,"column":26}},"10":{"start":{"line":22,"column":4},"end":{"line":26,"column":5}},"11":{"start":{"line":23,"column":26},"end":{"line":23,"column":71}},"12":{"start":{"line":24,"column":6},"end":{"line":24,"column":47}},"13":{"start":{"line":25,"column":6},"end":{"line":25,"column":39}},"14":{"start":{"line":28,"column":4},"end":{"line":28,"column":22}},"15":{"start":{"line":34,"column":2},"end":{"line":34,"column":55}},"16":{"start":{"line":39,"column":17},"end":{"line":39,"column":49}},"17":{"start":{"line":40,"column":21},"end":{"line":40,"column":39}},"18":{"start":{"line":41,"column":2},"end":{"line":49,"column":3}},"19":{"start":{"line":42,"column":4},"end":{"line":42,"column":31}},"20":{"start":{"line":44,"column":4},"end":{"line":48,"column":5}},"21":{"start":{"line":45,"column":6},"end":{"line":45,"column":15}},"22":{"start":{"line":47,"column":6},"end":{"line":47,"column":15}},"23":{"start":{"line":54,"column":20},"end":{"line":54,"column":25}},"24":{"start":{"line":56,"column":2},"end":{"line":65,"column":3}},"25":{"start":{"line":57,"column":4},"end":{"line":59,"column":9}},"26":{"start":{"line":58,"column":6},"end":{"line":58,"column":34}},"27":{"start":{"line":61,"column":4},"end":{"line":61,"column":19}},"28":{"start":{"line":62,"column":4},"end":{"line":64,"column":9}},"29":{"start":{"line":63,"column":6},"end":{"line":63,"column":34}},"30":{"start":{"line":72,"column":23},"end":{"line":72,"column":25}},"31":{"start":{"line":74,"column":2},"end":{"line":87,"column":3}},"32":{"start":{"line":74,"column":15},"end":{"line":74,"column":16}},"33":{"start":{"line":76,"column":4},"end":{"line":76,"column":33}},"34":{"start":{"line":78,"column":4},"end":{"line":86,"column":5}},"35":{"start":{"line":78,"column":17},"end":{"line":78,"column":18}},"36":{"start":{"line":79,"column":6},"end":{"line":85,"column":7}},"37":{"start":{"line":80,"column":8},"end":{"line":80,"column":81}},"38":{"start":{"line":82,"column":26},"end":{"line":82,"column":47}},"39":{"start":{"line":83,"column":8},"end":{"line":83,"column":54}},"40":{"start":{"line":84,"column":8},"end":{"line":84,"column":33}},"41":{"start":{"line":89,"column":2},"end":{"line":89,"column":21}},"42":{"start":{"line":93,"column":0},"end":{"line":93,"column":80}}},"fnMap":{"0":{"name":"(anonymous_0)","decl":{"start":{"line":4,"column":2},"end":{"line":4,"column":3}},"loc":{"start":{"line":4,"column":16},"end":{"line":15,"column":3}},"line":4},"1":{"name":"(anonymous_1)","decl":{"start":{"line":17,"column":2},"end":{"line":17,"column":3}},"loc":{"start":{"line":17,"column":12},"end":{"line":29,"column":3}},"line":17},"2":{"name":"randomCardIndex","decl":{"start":{"line":33,"column":9},"end":{"line":33,"column":24}},"loc":{"start":{"line":33,"column":38},"end":{"line":35,"column":1}},"line":33},"3":{"name":"cardValue","decl":{"start":{"line":38,"column":9},"end":{"line":38,"column":18}},"loc":{"start":{"line":38,"column":25},"end":{"line":50,"column":1}},"line":38},"4":{"name":"cardsInHandValue","decl":{"start":{"line":52,"column":9},"end":{"line":52,"column":25}},"loc":{"start":{"line":52,"column":33},"end":{"line":67,"column":1}},"line":52},"5":{"name":"(anonymous_5)","decl":{"start":{"line":57,"column":28},"end":{"line":57,"column":29}},"loc":{"start":{"line":57,"column":43},"end":{"line":59,"column":5}},"line":57},"6":{"name":"(anonymous_6)","decl":{"start":{"line":62,"column":28},"end":{"line":62,"column":29}},"loc":{"start":{"line":62,"column":43},"end":{"line":64,"column":5}},"line":62},"7":{"name":"dealOut","decl":{"start":{"line":70,"column":9},"end":{"line":70,"column":16}},"loc":{"start":{"line":70,"column":43},"end":{"line":91,"column":1}},"line":70}},"branchMap":{"0":{"loc":{"start":{"line":41,"column":2},"end":{"line":49,"column":3}},"type":"if","locations":[{"start":{"line":41,"column":2},"end":{"line":49,"column":3}},{"start":{"line":41,"column":2},"end":{"line":49,"column":3}}],"line":41},"1":{"loc":{"start":{"line":44,"column":4},"end":{"line":48,"column":5}},"type":"if","locations":[{"start":{"line":44,"column":4},"end":{"line":48,"column":5}},{"start":{"line":44,"column":4},"end":{"line":48,"column":5}}],"line":44},"2":{"loc":{"start":{"line":56,"column":2},"end":{"line":65,"column":3}},"type":"if","locations":[{"start":{"line":56,"column":2},"end":{"line":65,"column":3}},{"start":{"line":56,"column":2},"end":{"line":65,"column":3}}],"line":56},"3":{"loc":{"start":{"line":79,"column":6},"end":{"line":85,"column":7}},"type":"if","locations":[{"start":{"line":79,"column":6},"end":{"line":85,"column":7}},{"start":{"line":79,"column":6},"end":{"line":85,"column":7}}],"line":79}},"s":{"0":1,"1":1,"2":1,"3":1,"4":1,"5":4,"6":4,"7":52,"8":1,"9":1,"10":1,"11":52,"12":52,"13":52,"14":1,"15":0,"16":0,"17":0,"18":0,"19":0,"20":0,"21":0,"22":0,"23":0,"24":0,"25":0,"26":0,"27":0,"28":0,"29":0,"30":0,"31":0,"32":0,"33":0,"34":0,"35":0,"36":0,"37":0,"38":0,"39":0,"40":0,"41":0,"42":1},"f":{"0":1,"1":1,"2":0,"3":0,"4":0,"5":0,"6":0,"7":0},"b":{"0":[0,0],"1":[0,0],"2":[0,0],"3":[0,0]},"_coverageSchema":"1a1c01bbd47fc00a2c39e90264f33305004495a9","hash":"f1de86edb861af2f1d4ddeff911884a63c8b2e14"}
}
