TN:
SF:binary-sequence/app.js
FN:1,alternatingSequence
FNF:1
FNH:1
FNDA:5,alternatingSequence
DA:3,5
DA:5,5
DA:7,23
DA:8,11
DA:11,23
DA:12,4
DA:17,5
DA:21,1
LF:8
LH:8
BRDA:7,0,0,11
BRDA:7,0,1,12
BRDA:7,1,0,23
BRDA:7,1,1,13
BRDA:11,2,0,4
BRDA:11,2,1,19
BRDA:11,3,0,23
BRDA:11,3,1,10
BRF:8
BRH:8
end_of_record
TN:
SF:data-structures/singly-linked-list.js
FN:2,(anonymous_0)
FN:10,(anonymous_1)
FN:15,(anonymous_2)
FN:29,(anonymous_3)
FN:51,(anonymous_4)
FNF:5
FNH:5
FNDA:7,(anonymous_0)
FNDA:1,(anonymous_1)
FNDA:7,(anonymous_2)
FNDA:1,(anonymous_3)
FNDA:4,(anonymous_4)
DA:3,7
DA:4,7
DA:11,1
DA:12,1
DA:16,7
DA:17,7
DA:18,1
DA:20,6
DA:21,6
DA:22,15
DA:24,6
DA:26,7
DA:30,1
DA:32,1
DA:33,0
DA:34,0
DA:36,1
DA:37,3
DA:38,3
DA:39,3
DA:40,0
DA:44,1
DA:47,1
DA:48,1
DA:53,4
DA:54,0
DA:56,4
DA:57,4
DA:58,15
DA:59,15
DA:60,1
DA:63,3
DA:70,1
LF:33
LH:29
BRDA:17,0,0,1
BRDA:17,0,1,6
BRDA:32,1,0,0
BRDA:32,1,1,1
BRDA:39,2,0,0
BRDA:39,2,1,3
BRDA:53,3,0,0
BRDA:53,3,1,4
BRDA:59,4,0,1
BRDA:59,4,1,14
BRF:10
BRH:7
end_of_record
TN:
SF:sorts/bubbleSort.js
FN:1,swap
FN:7,bubbleSort
FNF:2
FNH:2
FNDA:46,swap
FNDA:3,bubbleSort
DA:2,46
DA:3,46
DA:4,46
DA:9,3
DA:10,0
DA:13,3
DA:14,21
DA:15,70
DA:16,46
DA:21,3
DA:24,1
LF:11
LH:10
BRDA:9,0,0,0
BRDA:9,0,1,3
BRDA:15,1,0,46
BRDA:15,1,1,24
BRF:4
BRH:3
end_of_record
TN:
SF:sorts/mergeSort.js
FN:1,merge
FN:23,mergeSort
FNF:2
FNH:2
FNDA:19,merge
FNDA:41,mergeSort
DA:3,19
DA:4,19
DA:5,19
DA:7,19
DA:8,38
DA:9,12
DA:10,12
DA:12,26
DA:13,26
DA:17,19
DA:25,41
DA:26,22
DA:29,19
DA:30,19
DA:31,19
DA:33,19
DA:37,1
LF:17
LH:17
BRDA:7,0,0,57
BRDA:7,0,1,50
BRDA:8,1,0,12
BRDA:8,1,1,26
BRDA:25,2,0,22
BRDA:25,2,1,19
BRF:6
BRH:6
end_of_record
TN:
SF:twenty-one/blackjack.js
FN:4,(anonymous_0)
FN:17,(anonymous_1)
FN:33,randomCardIndex
FN:38,cardValue
FN:52,cardsInHandValue
FN:57,(anonymous_5)
FN:62,(anonymous_6)
FN:70,dealOut
FNF:8
FNH:2
FNDA:1,(anonymous_0)
FNDA:1,(anonymous_1)
FNDA:0,randomCardIndex
FNDA:0,cardValue
FNDA:0,cardsInHandValue
FNDA:0,(anonymous_5)
FNDA:0,(anonymous_6)
FNDA:0,dealOut
DA:6,1
DA:7,1
DA:8,1
DA:10,1
DA:11,4
DA:12,52
DA:19,1
DA:20,1
DA:22,1
DA:23,52
DA:24,52
DA:25,52
DA:28,1
DA:34,0
DA:39,0
DA:40,0
DA:41,0
DA:42,0
DA:44,0
DA:45,0
DA:47,0
DA:54,0
DA:56,0
DA:57,0
DA:58,0
DA:61,0
DA:62,0
DA:63,0
DA:72,0
DA:74,0
DA:76,0
DA:78,0
DA:79,0
DA:80,0
DA:82,0
DA:83,0
DA:84,0
DA:89,0
DA:93,1
LF:39
LH:14
BRDA:41,0,0,0
BRDA:41,0,1,0
BRDA:44,1,0,0
BRDA:44,1,1,0
BRDA:56,2,0,0
BRDA:56,2,1,0
BRDA:79,3,0,0
BRDA:79,3,1,0
BRF:8
BRH:0
end_of_record
